#
# There is insufficient memory for the Java Runtime Environment to continue.
# Native memory allocation (malloc) failed to allocate 1058736 bytes for Chunk::new
# Possible reasons:
#   The system is out of physical RAM or swap space
#   The process is running with CompressedOops enabled, and the Java Heap may be blocking the growth of the native heap
# Possible solutions:
#   Reduce memory load on the system
#   Increase physical memory or swap space
#   Check if swap backing store is full
#   Decrease Java heap size (-Xmx/-Xms)
#   Decrease number of Java threads
#   Decrease Java thread stack sizes (-Xss)
#   Set larger code cache with -XX:ReservedCodeCacheSize=
#   JVM is running with Unscaled Compressed Oops mode in which the Java heap is
#     placed in the first 4GB address space. The Java Heap base address is the
#     maximum limit for the native heap growth. Please use -XX:HeapBaseMinAddress
#     to set the Java Heap base and to place the Java Heap above 4GB virtual address.
# This output file may be truncated or incomplete.
#
#  Out of Memory Error (allocation.cpp:389), pid=15996, tid=0x0000000000003fa8
#
# JRE version: OpenJDK Runtime Environment (8.0_202-b03) (build 1.8.0_202-release-1483-b03)
# Java VM: OpenJDK 64-Bit Server VM (25.202-b03 mixed mode windows-amd64 compressed oops)
# Failed to write core dump. Minidumps are not enabled by default on client versions of Windows
#

---------------  T H R E A D  ---------------

Current thread (0x00000000140ba000):  JavaThread "C2 CompilerThread0" daemon [_thread_in_native, id=16296, stack(0x0000000015700000,0x0000000015800000)]

Stack: [0x0000000015700000,0x0000000015800000]
[error occurred during error reporting (printing stack bounds), id 0xc0000005]

Native frames: (J=compiled Java code, j=interpreted, Vv=VM code, C=native code)


Current CompileTask:
C2: 135448 16789   !   4       com.android.utils.PositionXmlParser$DomBuilder::startElement (272 bytes)


---------------  P R O C E S S  ---------------

Java Threads: ( => current thread )
  0x0000000019ec8800 JavaThread "WorkerExecutor Queue Thread 2" [_thread_blocked, id=1752, stack(0x0000000023780000,0x0000000023880000)]
  0x0000000019ec8000 JavaThread "WorkerExecutor Queue" [_thread_blocked, id=6208, stack(0x000000001e310000,0x000000001e410000)]
  0x0000000019ecb000 JavaThread "Cache worker for execution history cache (E:\MOH\MOH\.gradle\5.4.1\executionHistory)" [_thread_blocked, id=15728, stack(0x0000000023480000,0x0000000023580000)]
  0x0000000019ecc800 JavaThread "Execution worker for ':' Thread 3" [_thread_blocked, id=13160, stack(0x0000000023380000,0x0000000023480000)]
  0x00000000173ab800 JavaThread "Execution worker for ':' Thread 2" [_thread_in_native, id=18648, stack(0x0000000022c80000,0x0000000022d80000)]
  0x00000000173ad000 JavaThread "Execution worker for ':'" [_thread_blocked, id=13948, stack(0x0000000022b80000,0x0000000022c80000)]
  0x000000001a017000 JavaThread "Cache worker for file content cache (E:\MOH\MOH\.gradle\5.4.1\fileContent)" [_thread_blocked, id=19936, stack(0x0000000023280000,0x0000000023380000)]
  0x000000001a013800 JavaThread "Cache worker for file content cache (C:\Users\jit\.gradle\caches\5.4.1\fileContent)" [_thread_blocked, id=9824, stack(0x0000000023180000,0x0000000023280000)]
  0x000000001a012800 JavaThread "Cache worker for Build Output Cleanup Cache (E:\MOH\MOH\.gradle\buildOutputCleanup)" [_thread_blocked, id=20072, stack(0x0000000022a80000,0x0000000022b80000)]
  0x000000001a016800 JavaThread "Build operations Thread 4" [_thread_blocked, id=18048, stack(0x00000000216e0000,0x00000000217e0000)]
  0x000000001a019800 JavaThread "Build operations Thread 3" [_thread_blocked, id=5964, stack(0x00000000211e0000,0x00000000212e0000)]
  0x000000001a011000 JavaThread "Build operations Thread 2" [_thread_blocked, id=16204, stack(0x0000000020440000,0x0000000020540000)]
  0x000000001a018000 JavaThread "Build operations" [_thread_blocked, id=18032, stack(0x0000000020110000,0x0000000020210000)]
  0x000000001a015800 JavaThread "Cache worker for cache directory md-rule (C:\Users\jit\.gradle\caches\5.4.1\md-rule)" [_thread_blocked, id=16360, stack(0x000000001e710000,0x000000001e810000)]
  0x000000001a00b000 JavaThread "Cache worker for cache directory md-supplier (C:\Users\jit\.gradle\caches\5.4.1\md-supplier)" [_thread_blocked, id=7060, stack(0x000000001e610000,0x000000001e710000)]
  0x000000001a00e000 JavaThread "Cache worker for file hash cache (E:\MOH\MOH\.gradle\5.4.1\fileHashes)" [_thread_blocked, id=13480, stack(0x000000001e510000,0x000000001e610000)]
  0x000000001a00f800 JavaThread "Thread-35" [_thread_blocked, id=20160, stack(0x000000001e410000,0x000000001e510000)]
  0x000000001a00c000 JavaThread "Asynchronous log dispatcher for DefaultDaemonConnection: socket connection from /127.0.0.1:64357 to /127.0.0.1:64389" [_thread_blocked, id=18228, stack(0x000000001c0c0000,0x000000001c1c0000)]
  0x000000001a00c800 JavaThread "Cancel handler" [_thread_blocked, id=19744, stack(0x0000000018950000,0x0000000018a50000)]
  0x000000001a012000 JavaThread "Handler for socket connection from /127.0.0.1:64357 to /127.0.0.1:64389" [_thread_in_native, id=10920, stack(0x0000000018550000,0x0000000018650000)]
  0x000000001a00d800 JavaThread "Memory manager" [_thread_blocked, id=17544, stack(0x000000001e820000,0x000000001e920000)]
  0x000000001a010800 JavaThread "Cache worker for execution history cache (C:\Users\jit\.gradle\caches\5.4.1\executionHistory)" [_thread_blocked, id=20088, stack(0x000000001ddf0000,0x000000001def0000)]
  0x00000000173ac800 JavaThread "Cache worker for journal cache (C:\Users\jit\.gradle\caches\journal-1)" [_thread_blocked, id=7912, stack(0x0000000018c50000,0x0000000018d50000)]
  0x00000000173a8000 JavaThread "File lock request listener" [_thread_in_native, id=540, stack(0x0000000018b50000,0x0000000018c50000)]
  0x00000000173ab000 JavaThread "Cache worker for file hash cache (C:\Users\jit\.gradle\caches\5.4.1\fileHashes)" [_thread_blocked, id=9016, stack(0x0000000018a50000,0x0000000018b50000)]
  0x0000000015a0c000 JavaThread "Daemon worker" [_thread_blocked, id=1180, stack(0x0000000018650000,0x0000000018750000)]
  0x000000001735b000 JavaThread "Daemon" [_thread_blocked, id=17796, stack(0x0000000018150000,0x0000000018250000)]
  0x000000001734f000 JavaThread "Daemon periodic checks" [_thread_blocked, id=20188, stack(0x0000000018050000,0x0000000018150000)]
  0x00000000172f9800 JavaThread "Incoming local TCP Connector on port 64357" [_thread_in_native, id=2100, stack(0x0000000017e10000,0x0000000017f10000)]
  0x0000000016e61800 JavaThread "Daemon health stats" [_thread_blocked, id=6412, stack(0x00000000177d0000,0x00000000178d0000)]
  0x0000000015a30000 JavaThread "Service Thread" daemon [_thread_blocked, id=9708, stack(0x0000000015e00000,0x0000000015f00000)]
  0x0000000014106000 JavaThread "C1 CompilerThread2" daemon [_thread_blocked, id=19884, stack(0x0000000015900000,0x0000000015a00000)]
  0x00000000140bd800 JavaThread "C2 CompilerThread1" daemon [_thread_in_native, id=20240, stack(0x0000000015800000,0x0000000015900000)]
=>0x00000000140ba000 JavaThread "C2 CompilerThread0" daemon [_thread_in_native, id=16296, stack(0x0000000015700000,0x0000000015800000)]
  0x00000000140b4800 JavaThread "Attach Listener" daemon [_thread_blocked, id=13752, stack(0x0000000015600000,0x0000000015700000)]
  0x0000000014102800 JavaThread "Signal Dispatcher" daemon [_thread_blocked, id=8212, stack(0x0000000015500000,0x0000000015600000)]
  0x0000000002d3b000 JavaThread "Finalizer" daemon [_thread_blocked, id=2352, stack(0x0000000015300000,0x0000000015400000)]
  0x0000000014099000 JavaThread "Reference Handler" daemon [_thread_blocked, id=8844, stack(0x0000000015200000,0x0000000015300000)]
  0x0000000002b3d800 JavaThread "main" [_thread_blocked, id=16484, stack(0x0000000002b40000,0x0000000002c40000)]

Other Threads:
  0x0000000014076800 VMThread [stack: 0x0000000015100000,0x0000000015200000] [id=17424]
  0x0000000015a31800 WatcherThread [stack: 0x0000000015f00000,0x0000000016000000] [id=6948]

VM state:not at safepoint (normal execution)

VM Mutex/Monitor currently owned by a thread: None

heap address: 0x00000000e0000000, size: 512 MB, Compressed Oops mode: 32-bit
Narrow klass base: 0x0000000000000000, Narrow klass shift: 3
Compressed class space size: 1073741824 Address: 0x0000000100000000

Heap:
 PSYoungGen      total 130560K, used 101960K [0x00000000f5580000, 0x0000000100000000, 0x0000000100000000)
  eden space 105984K, 73% used [0x00000000f5580000,0x00000000fa191738,0x00000000fbd00000)
  from space 24576K, 97% used [0x00000000fbd00000,0x00000000fd480a80,0x00000000fd500000)
  to   space 36864K, 0% used [0x00000000fdc00000,0x00000000fdc00000,0x0000000100000000)
 ParOldGen       total 262144K, used 116028K [0x00000000e0000000, 0x00000000f0000000, 0x00000000f5580000)
  object space 262144K, 44% used [0x00000000e0000000,0x00000000e714f398,0x00000000f0000000)
 Metaspace       used 83712K, capacity 87166K, committed 87512K, reserved 1124352K
  class space    used 10875K, capacity 11657K, committed 11776K, reserved 1048576K

Card table byte_map: [0x0000000012100000,0x0000000012210000] byte_map_base: 0x0000000011a00000

Marking Bits: (ParMarkBitMap*) 0x0000000054329f30
 Begin Bits: [0x0000000012610000, 0x0000000012e10000)
 End Bits:   [0x0000000012e10000, 0x0000000013610000)

Polling page: 0x0000000000f90000

CodeCache: size=245760Kb used=46989Kb max_used=47001Kb free=198770Kb
 bounds [0x0000000002d40000, 0x0000000005b70000, 0x0000000011d40000]
 total_blobs=13888 nmethods=13034 adapters=764
 compilation: enabled

Compilation events (10 events):
Event: 135.368 Thread 0x00000000140bd800 nmethod 16803 0x0000000005b5cb10 code [0x0000000005b5ce60, 0x0000000005b5f280]
Event: 135.368 Thread 0x00000000140bd800 16805   !   4       com.sun.org.apache.xerces.internal.parsers.AbstractSAXParser::startElement (318 bytes)
Event: 135.372 Thread 0x0000000014106000 16807       3       com.sun.org.apache.xerces.internal.jaxp.SAXParserFactoryImpl::putInFeatures (43 bytes)
Event: 135.372 Thread 0x0000000014106000 nmethod 16807 0x0000000005b50050 code [0x0000000005b501e0, 0x0000000005b50628]
Event: 135.385 Thread 0x00000000140bd800 nmethod 16805 0x0000000005b58290 code [0x0000000005b58440, 0x0000000005b58d08]
Event: 135.385 Thread 0x00000000140bd800 16806       4       com.sun.org.apache.xerces.internal.dom.CoreDocumentImpl::checkNamespaceWF (50 bytes)
Event: 135.386 Thread 0x00000000140bd800 nmethod 16806 0x0000000005b3bc50 code [0x0000000005b3bda0, 0x0000000005b3be98]
Event: 135.386 Thread 0x00000000140bd800 16804       4       com.sun.org.apache.xerces.internal.util.NamespaceSupport::pushContext (65 bytes)
Event: 135.388 Thread 0x00000000140bd800 nmethod 16804 0x000000000512d490 code [0x000000000512d5c0, 0x000000000512d678]
Event: 135.430 Thread 0x00000000140bd800 16808       4       com.sun.org.apache.xerces.internal.impl.XMLEntityScanner::scanQName (502 bytes)

GC Heap History (10 events):
Event: 125.660 GC heap before
{Heap before GC invocations=63 (full 4):
 PSYoungGen      total 162304K, used 154115K [0x00000000f5580000, 0x00000000fff00000, 0x0000000100000000)
  eden space 152064K, 100% used [0x00000000f5580000,0x00000000fea00000,0x00000000fea00000)
  from space 10240K, 20% used [0x00000000ff500000,0x00000000ff700d78,0x00000000fff00000)
  to   space 10752K, 0% used [0x00000000fea00000,0x00000000fea00000,0x00000000ff480000)
 ParOldGen       total 262144K, used 56564K [0x00000000e0000000, 0x00000000f0000000, 0x00000000f5580000)
  object space 262144K, 21% used [0x00000000e0000000,0x00000000e373d178,0x00000000f0000000)
 Metaspace       used 81718K, capacity 85038K, committed 85208K, reserved 1122304K
  class space    used 10695K, capacity 11407K, committed 11520K, reserved 1048576K
Event: 125.669 GC heap after
Heap after GC invocations=63 (full 4):
 PSYoungGen      total 162816K, used 4147K [0x00000000f5580000, 0x00000000fff80000, 0x0000000100000000)
  eden space 152064K, 0% used [0x00000000f5580000,0x00000000f5580000,0x00000000fea00000)
  from space 10752K, 38% used [0x00000000fea00000,0x00000000fee0cd88,0x00000000ff480000)
  to   space 10240K, 0% used [0x00000000ff580000,0x00000000ff580000,0x00000000fff80000)
 ParOldGen       total 262144K, used 56644K [0x00000000e0000000, 0x00000000f0000000, 0x00000000f5580000)
  object space 262144K, 21% used [0x00000000e0000000,0x00000000e3751178,0x00000000f0000000)
 Metaspace       used 81718K, capacity 85038K, committed 85208K, reserved 1122304K
  class space    used 10695K, capacity 11407K, committed 11520K, reserved 1048576K
}
Event: 126.701 GC heap before
{Heap before GC invocations=64 (full 4):
 PSYoungGen      total 162816K, used 156211K [0x00000000f5580000, 0x00000000fff80000, 0x0000000100000000)
  eden space 152064K, 100% used [0x00000000f5580000,0x00000000fea00000,0x00000000fea00000)
  from space 10752K, 38% used [0x00000000fea00000,0x00000000fee0cd88,0x00000000ff480000)
  to   space 10240K, 0% used [0x00000000ff580000,0x00000000ff580000,0x00000000fff80000)
 ParOldGen       total 262144K, used 56644K [0x00000000e0000000, 0x00000000f0000000, 0x00000000f5580000)
  object space 262144K, 21% used [0x00000000e0000000,0x00000000e3751178,0x00000000f0000000)
 Metaspace       used 81723K, capacity 85038K, committed 85208K, reserved 1122304K
  class space    used 10695K, capacity 11407K, committed 11520K, reserved 1048576K
Event: 126.709 GC heap after
Heap after GC invocations=64 (full 4):
 PSYoungGen      total 163840K, used 2142K [0x00000000f5580000, 0x00000000fff80000, 0x0000000100000000)
  eden space 153600K, 0% used [0x00000000f5580000,0x00000000f5580000,0x00000000feb80000)
  from space 10240K, 20% used [0x00000000ff580000,0x00000000ff797b70,0x00000000fff80000)
  to   space 10240K, 0% used [0x00000000feb80000,0x00000000feb80000,0x00000000ff580000)
 ParOldGen       total 262144K, used 56644K [0x00000000e0000000, 0x00000000f0000000, 0x00000000f5580000)
  object space 262144K, 21% used [0x00000000e0000000,0x00000000e3751178,0x00000000f0000000)
 Metaspace       used 81723K, capacity 85038K, committed 85208K, reserved 1122304K
  class space    used 10695K, capacity 11407K, committed 11520K, reserved 1048576K
}
Event: 128.111 GC heap before
{Heap before GC invocations=65 (full 4):
 PSYoungGen      total 163840K, used 155739K [0x00000000f5580000, 0x00000000fff80000, 0x0000000100000000)
  eden space 153600K, 99% used [0x00000000f5580000,0x00000000feb7f198,0x00000000feb80000)
  from space 10240K, 20% used [0x00000000ff580000,0x00000000ff797b70,0x00000000fff80000)
  to   space 10240K, 0% used [0x00000000feb80000,0x00000000feb80000,0x00000000ff580000)
 ParOldGen       total 262144K, used 56644K [0x00000000e0000000, 0x00000000f0000000, 0x00000000f5580000)
  object space 262144K, 21% used [0x00000000e0000000,0x00000000e3751178,0x00000000f0000000)
 Metaspace       used 82545K, capacity 85972K, committed 86104K, reserved 1124352K
  class space    used 10795K, capacity 11572K, committed 11648K, reserved 1048576K
Event: 128.147 GC heap after
Heap after GC invocations=65 (full 4):
 PSYoungGen      total 163840K, used 10235K [0x00000000f5580000, 0x0000000100000000, 0x0000000100000000)
  eden space 153600K, 0% used [0x00000000f5580000,0x00000000f5580000,0x00000000feb80000)
  from space 10240K, 99% used [0x00000000feb80000,0x00000000ff57ef40,0x00000000ff580000)
  to   space 10752K, 0% used [0x00000000ff580000,0x00000000ff580000,0x0000000100000000)
 ParOldGen       total 262144K, used 73783K [0x00000000e0000000, 0x00000000f0000000, 0x00000000f5580000)
  object space 262144K, 28% used [0x00000000e0000000,0x00000000e480dc50,0x00000000f0000000)
 Metaspace       used 82545K, capacity 85972K, committed 86104K, reserved 1124352K
  class space    used 10795K, capacity 11572K, committed 11648K, reserved 1048576K
}
Event: 131.140 GC heap before
{Heap before GC invocations=66 (full 4):
 PSYoungGen      total 163840K, used 163782K [0x00000000f5580000, 0x0000000100000000, 0x0000000100000000)
  eden space 153600K, 99% used [0x00000000f5580000,0x00000000feb72a08,0x00000000feb80000)
  from space 10240K, 99% used [0x00000000feb80000,0x00000000ff57ef40,0x00000000ff580000)
  to   space 10752K, 0% used [0x00000000ff580000,0x00000000ff580000,0x0000000100000000)
 ParOldGen       total 262144K, used 73783K [0x00000000e0000000, 0x00000000f0000000, 0x00000000f5580000)
  object space 262144K, 28% used [0x00000000e0000000,0x00000000e480dc50,0x00000000f0000000)
 Metaspace       used 82950K, capacity 86368K, committed 86616K, reserved 1124352K
  class space    used 10807K, capacity 11584K, committed 11648K, reserved 1048576K
Event: 131.266 GC heap after
Heap after GC invocations=66 (full 4):
 PSYoungGen      total 116736K, used 10728K [0x00000000f5580000, 0x0000000100000000, 0x0000000100000000)
  eden space 105984K, 0% used [0x00000000f5580000,0x00000000f5580000,0x00000000fbd00000)
  from space 10752K, 99% used [0x00000000ff580000,0x00000000ffffa248,0x0000000100000000)
  to   space 34304K, 0% used [0x00000000fbd00000,0x00000000fbd00000,0x00000000fde80000)
 ParOldGen       total 262144K, used 115988K [0x00000000e0000000, 0x00000000f0000000, 0x00000000f5580000)
  object space 262144K, 44% used [0x00000000e0000000,0x00000000e7145398,0x00000000f0000000)
 Metaspace       used 82950K, capacity 86368K, committed 86616K, reserved 1124352K
  class space    used 10807K, capacity 11584K, committed 11648K, reserved 1048576K
}
Event: 132.841 GC heap before
{Heap before GC invocations=67 (full 4):
 PSYoungGen      total 116736K, used 116712K [0x00000000f5580000, 0x0000000100000000, 0x0000000100000000)
  eden space 105984K, 100% used [0x00000000f5580000,0x00000000fbd00000,0x00000000fbd00000)
  from space 10752K, 99% used [0x00000000ff580000,0x00000000ffffa248,0x0000000100000000)
  to   space 34304K, 0% used [0x00000000fbd00000,0x00000000fbd00000,0x00000000fde80000)
 ParOldGen       total 262144K, used 115988K [0x00000000e0000000, 0x00000000f0000000, 0x00000000f5580000)
  object space 262144K, 44% used [0x00000000e0000000,0x00000000e7145398,0x00000000f0000000)
 Metaspace       used 83448K, capacity 86870K, committed 87128K, reserved 1124352K
  class space    used 10860K, capacity 11625K, committed 11648K, reserved 1048576K
Event: 132.922 GC heap after
Heap after GC invocations=67 (full 4):
 PSYoungGen      total 130560K, used 24066K [0x00000000f5580000, 0x0000000100000000, 0x0000000100000000)
  eden space 105984K, 0% used [0x00000000f5580000,0x00000000f5580000,0x00000000fbd00000)
  from space 24576K, 97% used [0x00000000fbd00000,0x00000000fd480a80,0x00000000fd500000)
  to   space 36864K, 0% used [0x00000000fdc00000,0x00000000fdc00000,0x0000000100000000)
 ParOldGen       total 262144K, used 116028K [0x00000000e0000000, 0x00000000f0000000, 0x00000000f5580000)
  object space 262144K, 44% used [0x00000000e0000000,0x00000000e714f398,0x00000000f0000000)
 Metaspace       used 83448K, capacity 86870K, committed 87128K, reserved 1124352K
  class space    used 10860K, capacity 11625K, committed 11648K, reserved 1048576K
}

Deoptimization events (10 events):
Event: 131.943 Thread 0x0000000019eca000 Uncommon trap: reason=unstable_if action=reinterpret pc=0x0000000005928ad0 method=com.android.tools.r8.dex.c.b()Lcom/android/tools/r8/dex/c$a; @ 298
Event: 131.943 Thread 0x0000000019eca000 Uncommon trap: reason=unstable_if action=reinterpret pc=0x0000000004da7694 method=com.android.tools.r8.dex.c.b()Lcom/android/tools/r8/dex/c$a; @ 298
Event: 131.946 Thread 0x0000000019eca000 Uncommon trap: reason=unstable_if action=reinterpret pc=0x0000000004f7b574 method=com.android.tools.r8.dex.c.b()Lcom/android/tools/r8/dex/c$a; @ 298
Event: 132.370 Thread 0x0000000019eca000 Uncommon trap: reason=unstable_if action=reinterpret pc=0x0000000004918520 method=com.android.tools.r8.dex.DexOutputBuffer.j(I)V @ 8
Event: 134.761 Thread 0x00000000173ab800 Uncommon trap: reason=unstable_if action=reinterpret pc=0x00000000030422cc method=com.sun.org.apache.xerces.internal.impl.XMLEntityScanner.scanContent(Lcom/sun/org/apache/xerces/internal/xni/XMLString;)I @ 44
Event: 134.761 Thread 0x00000000173ab800 Uncommon trap: reason=unstable_if action=reinterpret pc=0x00000000059faad0 method=com.sun.org.apache.xerces.internal.impl.XMLDocumentFragmentScannerImpl$FragmentContentDriver.next()I @ 823
Event: 134.767 Thread 0x00000000173ab800 Uncommon trap: reason=unstable_if action=reinterpret pc=0x0000000004ce5c98 method=com.sun.org.apache.xerces.internal.xni.XMLString.toString()Ljava/lang/String; @ 4
Event: 134.781 Thread 0x00000000173ab800 Uncommon trap: reason=unstable_if action=reinterpret pc=0x0000000005aee67c method=com.sun.org.apache.xerces.internal.xni.XMLString.toString()Ljava/lang/String; @ 4
Event: 134.809 Thread 0x00000000173ab800 Uncommon trap: reason=unstable_if action=reinterpret pc=0x000000000552eb10 method=com.sun.org.apache.xerces.internal.impl.XMLEntityScanner.scanQName(Lcom/sun/org/apache/xerces/internal/xni/QName;Lcom/sun/org/apache/xerces/internal/impl/XMLScanner$NameType
Event: 134.846 Thread 0x00000000173ab800 Uncommon trap: reason=null_check action=make_not_entrant pc=0x0000000005b13f34 method=com.sun.org.apache.xerces.internal.dom.NamedNodeMapImpl.findNamePoint(Ljava/lang/String;Ljava/lang/String;)I @ 76

Classes redefined (0 events):
No events

Internal exceptions (10 events):
Event: 127.291 Thread 0x0000000019ec8000 Exception <a 'sun/nio/fs/WindowsException'> (0x00000000fb13ce88) thrown at [D:\src\AOSP-openjdk-cygwin\jdk8u\hotspot\src\share\vm\prims\jni.cpp, line 710]
Event: 127.967 Thread 0x0000000015a0c000 Exception <a 'java/lang/NoSuchMethodError': <clinit>> (0x00000000fdbf3608) thrown at [D:\src\AOSP-openjdk-cygwin\jdk8u\hotspot\src\share\vm\prims\jni.cpp, line 1614]
Event: 127.980 Thread 0x0000000015a0c000 Exception <a 'java/lang/NoSuchMethodError': <clinit>> (0x00000000fdc419f0) thrown at [D:\src\AOSP-openjdk-cygwin\jdk8u\hotspot\src\share\vm\prims\jni.cpp, line 1614]
Event: 128.107 Thread 0x0000000019ec8800 Exception <a 'sun/nio/fs/WindowsException'> (0x00000000fe129460) thrown at [D:\src\AOSP-openjdk-cygwin\jdk8u\hotspot\src\share\vm\prims\jni.cpp, line 710]
Event: 128.107 Thread 0x0000000019ec9800 Implicit null exception at 0x0000000003298fef to 0x00000000032990e1
Event: 131.943 Thread 0x0000000019eca000 Implicit null exception at 0x00000000059243a6 to 0x0000000005928a99
Event: 131.943 Thread 0x0000000019eca000 Implicit null exception at 0x0000000004da3cdb to 0x0000000004da7665
Event: 131.945 Thread 0x0000000019eca000 Implicit null exception at 0x0000000004f77d79 to 0x0000000004f7b539
Event: 133.885 Thread 0x0000000019eca000 Exception <a 'sun/nio/fs/WindowsException'> (0x00000000f7591048) thrown at [D:\src\AOSP-openjdk-cygwin\jdk8u\hotspot\src\share\vm\prims\jni.cpp, line 710]
Event: 134.846 Thread 0x00000000173ab800 Implicit null exception at 0x0000000005b13432 to 0x0000000005b13f15

Events (10 events):
Event: 134.767 Thread 0x00000000173ab800 DEOPT UNPACKING pc=0x0000000002d8557b sp=0x0000000022d7a9f8 mode 2
Event: 134.781 Thread 0x00000000173ab800 Uncommon trap: trap_request=0xffffff65 fr.pc=0x0000000005aee67c
Event: 134.781 Thread 0x00000000173ab800 DEOPT PACKING pc=0x0000000005aee67c sp=0x0000000022d7a9c0
Event: 134.781 Thread 0x00000000173ab800 DEOPT UNPACKING pc=0x0000000002d8557b sp=0x0000000022d7a908 mode 2
Event: 134.809 Thread 0x00000000173ab800 Uncommon trap: trap_request=0xffffff65 fr.pc=0x000000000552eb10
Event: 134.809 Thread 0x00000000173ab800 DEOPT PACKING pc=0x000000000552eb10 sp=0x0000000022d7aa10
Event: 134.809 Thread 0x00000000173ab800 DEOPT UNPACKING pc=0x0000000002d8557b sp=0x0000000022d7aa10 mode 2
Event: 134.846 Thread 0x00000000173ab800 Uncommon trap: trap_request=0xfffffff4 fr.pc=0x0000000005b13f34
Event: 134.846 Thread 0x00000000173ab800 DEOPT PACKING pc=0x0000000005b13f34 sp=0x0000000022d7b3e0
Event: 134.846 Thread 0x00000000173ab800 DEOPT UNPACKING pc=0x0000000002d8557b sp=0x0000000022d7b370 mode 2


Dynamic libraries:
0x00007ff7d3990000 - 0x00007ff7d39c1000 	C:\Program Files\Android\Android Studio\jre\bin\java.exe
0x00007fffd9500000 - 0x00007fffd96f0000 	C:\WINDOWS\SYSTEM32\ntdll.dll
0x00007fffd0d50000 - 0x00007fffd0d64000 	C:\Program Files\AVAST Software\Avast\aswhook.dll
0x00007fffd90c0000 - 0x00007fffd9172000 	C:\WINDOWS\System32\KERNEL32.DLL
0x00007fffd66b0000 - 0x00007fffd6953000 	C:\WINDOWS\System32\KERNELBASE.dll
0x00007fffd85d0000 - 0x00007fffd8673000 	C:\WINDOWS\System32\ADVAPI32.dll
0x00007fffd8680000 - 0x00007fffd871e000 	C:\WINDOWS\System32\msvcrt.dll
0x00007fffd8720000 - 0x00007fffd87b7000 	C:\WINDOWS\System32\sechost.dll
0x00007fffd84b0000 - 0x00007fffd85d0000 	C:\WINDOWS\System32\RPCRT4.dll
0x00007fffd7b70000 - 0x00007fffd7d04000 	C:\WINDOWS\System32\USER32.dll
0x00007fffd71f0000 - 0x00007fffd7211000 	C:\WINDOWS\System32\win32u.dll
0x00007fffd9060000 - 0x00007fffd9086000 	C:\WINDOWS\System32\GDI32.dll
0x00007fffd72c0000 - 0x00007fffd7454000 	C:\WINDOWS\System32\gdi32full.dll
0x00007fffd7220000 - 0x00007fffd72be000 	C:\WINDOWS\System32\msvcp_win.dll
0x00007fffd6580000 - 0x00007fffd667a000 	C:\WINDOWS\System32\ucrtbase.dll
0x00007fffc7d10000 - 0x00007fffc7f95000 	C:\WINDOWS\WinSxS\amd64_microsoft.windows.common-controls_6595b64144ccf1df_6.0.18362.418_none_e6c6b287130d565d\COMCTL32.dll
0x00007fffd9180000 - 0x00007fffd94b6000 	C:\WINDOWS\System32\combase.dll
0x00007fffd6500000 - 0x00007fffd6580000 	C:\WINDOWS\System32\bcryptPrimitives.dll
0x00007fffd9090000 - 0x00007fffd90be000 	C:\WINDOWS\System32\IMM32.DLL
0x0000000054970000 - 0x0000000054a42000 	C:\Program Files\Android\Android Studio\jre\jre\bin\msvcr100.dll
0x0000000053b60000 - 0x00000000543a6000 	C:\Program Files\Android\Android Studio\jre\jre\bin\server\jvm.dll
0x00007fffd8430000 - 0x00007fffd8438000 	C:\WINDOWS\System32\PSAPI.DLL
0x00007fffcbdf0000 - 0x00007fffcbdf9000 	C:\WINDOWS\SYSTEM32\WSOCK32.dll
0x00007fffd8440000 - 0x00007fffd84af000 	C:\WINDOWS\System32\WS2_32.dll
0x00007fffccc30000 - 0x00007fffccc54000 	C:\WINDOWS\SYSTEM32\WINMM.dll
0x00007fffd4f40000 - 0x00007fffd4f4a000 	C:\WINDOWS\SYSTEM32\VERSION.dll
0x00007fffcc9f0000 - 0x00007fffcca1d000 	C:\WINDOWS\SYSTEM32\WINMMBASE.dll
0x00007fffd64b0000 - 0x00007fffd64fa000 	C:\WINDOWS\System32\cfgmgr32.dll
0x00007fffd4ff0000 - 0x00007fffd4fff000 	C:\Program Files\Android\Android Studio\jre\jre\bin\verify.dll
0x00007fffd1990000 - 0x00007fffd19b9000 	C:\Program Files\Android\Android Studio\jre\jre\bin\java.dll
0x00007fffd1ae0000 - 0x00007fffd1af6000 	C:\Program Files\Android\Android Studio\jre\jre\bin\zip.dll
0x00007fffd87c0000 - 0x00007fffd8ea5000 	C:\WINDOWS\System32\SHELL32.dll
0x00007fffd79f0000 - 0x00007fffd7a99000 	C:\WINDOWS\System32\shcore.dll
0x00007fffd6960000 - 0x00007fffd70df000 	C:\WINDOWS\System32\windows.storage.dll
0x00007fffd6430000 - 0x00007fffd644f000 	C:\WINDOWS\System32\profapi.dll
0x00007fffd63e0000 - 0x00007fffd642a000 	C:\WINDOWS\System32\powrprof.dll
0x00007fffd63d0000 - 0x00007fffd63e0000 	C:\WINDOWS\System32\UMPDC.dll
0x00007fffd83d0000 - 0x00007fffd8422000 	C:\WINDOWS\System32\shlwapi.dll
0x00007fffd6470000 - 0x00007fffd6481000 	C:\WINDOWS\System32\kernel.appcore.dll
0x00007fffd6490000 - 0x00007fffd64a7000 	C:\WINDOWS\System32\cryptsp.dll
0x00007fffd1940000 - 0x00007fffd195a000 	C:\Program Files\Android\Android Studio\jre\jre\bin\net.dll
0x00007fffd5be0000 - 0x00007fffd5c47000 	C:\WINDOWS\system32\mswsock.dll
0x00007fffd0d30000 - 0x00007fffd0d41000 	C:\Program Files\Android\Android Studio\jre\jre\bin\nio.dll
0x00007fffc01e0000 - 0x00007fffc0206000 	C:\Users\jit\.gradle\native\29\windows-amd64\native-platform.dll
0x00007fffd4fd0000 - 0x00007fffd4fdd000 	C:\Program Files\Android\Android Studio\jre\jre\bin\management.dll
0x00007fffd5750000 - 0x00007fffd5783000 	C:\WINDOWS\system32\rsaenh.dll
0x00007fffd6680000 - 0x00007fffd66a6000 	C:\WINDOWS\System32\bcrypt.dll
0x00007fffd62f0000 - 0x00007fffd6315000 	C:\WINDOWS\SYSTEM32\USERENV.dll
0x00007fffd5db0000 - 0x00007fffd5dbc000 	C:\WINDOWS\SYSTEM32\CRYPTBASE.dll
0x00007fffd58f0000 - 0x00007fffd592a000 	C:\WINDOWS\SYSTEM32\IPHLPAPI.DLL
0x00007fffd79e0000 - 0x00007fffd79e8000 	C:\WINDOWS\System32\NSI.dll
0x00007fffce0e0000 - 0x00007fffce0f6000 	C:\WINDOWS\SYSTEM32\dhcpcsvc6.DLL
0x00007fffce300000 - 0x00007fffce31c000 	C:\WINDOWS\SYSTEM32\dhcpcsvc.DLL
0x00007fffd5930000 - 0x00007fffd59fa000 	C:\WINDOWS\SYSTEM32\DNSAPI.dll
0x00007fffd5530000 - 0x00007fffd5561000 	C:\WINDOWS\SYSTEM32\ntmarta.dll
0x00007fffcdfa0000 - 0x00007fffcdfc4000 	C:\Program Files\Android\Android Studio\jre\jre\bin\sunec.dll
0x00007fffcc9e0000 - 0x00007fffcc9ea000 	C:\Windows\System32\rasadhlp.dll
0x00007fffcdc20000 - 0x00007fffcdc97000 	C:\WINDOWS\System32\fwpuclnt.dll
0x00007fffcfa10000 - 0x00007fffcfa1b000 	C:\Program Files\Android\Android Studio\jre\jre\bin\sunmscapi.dll
0x00007fffd7460000 - 0x00007fffd75a9000 	C:\WINDOWS\System32\CRYPT32.dll
0x00007fffd6450000 - 0x00007fffd6462000 	C:\WINDOWS\System32\MSASN1.dll

VM Arguments:
jvm_args: -XX:MaxMetaspaceSize=256m -XX:+HeapDumpOnOutOfMemoryError -Xms256m -Xmx512m -Dfile.encoding=windows-1256 -Duser.country=SA -Duser.language=ar -Duser.variant 
java_command: org.gradle.launcher.daemon.bootstrap.GradleDaemon 5.4.1
java_class_path (initial): C:\Users\jit\.gradle\wrapper\dists\gradle-5.4.1-all\3221gyojl5jsh0helicew7rwx\gradle-5.4.1\lib\gradle-launcher-5.4.1.jar
Launcher Type: SUN_STANDARD

Environment Variables:
PATH=C:\Program Files (x86)\Common Files\Oracle\Java\javapath;C:\instantclient_11_1;C:\Program Files (x86)\Intel\iCLS Client\;C:\Program Files\Intel\iCLS Client\;C:\WINDOWS\system32;C:\WINDOWS;C:\WINDOWS\System32\Wbem;C:\WINDOWS\System32\WindowsPowerShell\v1.0\;C:\Program Files (x86)\Intel\Intel(R) Management Engine Components\DAL;C:\Program Files\Intel\Intel(R) Management Engine Components\DAL;C:\Program Files (x86)\Intel\Intel(R) Management Engine Components\IPT;C:\Program Files\Intel\Intel(R) Management Engine Components\IPT;C:\WINDOWS\System32\OpenSSH\;C:\Program Files\Git\cmd;"C:\flutterSrc\flutter\bin;C:\Users\jit\AppData\Local\Microsoft\WindowsApps";;C:\Users\jit\AppData\Local\Microsoft\WindowsApps
USERNAME=jit
OS=Windows_NT
PROCESSOR_IDENTIFIER=Intel64 Family 6 Model 142 Stepping 9, GenuineIntel



---------------  S Y S T E M  ---------------

OS: Windows 10.0 , 64 bit Build 18362 (10.0.18362.329)

CPU:total 4 (initial active 4) (2 cores per cpu, 2 threads per core) family 6 model 142 stepping 9, cmov, cx8, fxsr, mmx, sse, sse2, sse3, ssse3, sse4.1, sse4.2, popcnt, avx, avx2, aes, clmul, erms, 3dnowpref, lzcnt, ht, tsc, tscinvbit, bmi1, bmi2, adx

Memory: 4k page, physical 8303528k(387300k free), swap 21942748k(388k free)

vm_info: OpenJDK 64-Bit Server VM (25.202-b03) for windows-amd64 JRE (1.8.0_202-release-1483-b03), built by "builder" with MS VC++ 10.0 (VS2010)

time: Wed Oct 23 10:40:44 2019
timezone:  ÊﬁÌ  ’Ì›Ì ··÷›… «·€—»Ì… Ê€“…
elapsed time: 135 seconds (0d 0h 2m 15s)

